<?xml version="1.0" encoding="UTF-8"?>
<testsuite xmlns:xsi="http://www.w3.org/2001/XMLSchema-instance" xsi:noNamespaceSchemaLocation="https://maven.apache.org/surefire/maven-surefire-plugin/xsd/surefire-test-report.xsd" name="com.kkb.service.UserServiceTest" time="0.999" tests="1" errors="1" skipped="0" failures="0">
  <properties>
[...]
</properties>
  <testcase name="testPasswordEncode" classname="com.kkb.service.UserServiceTest" time="0.998">
    <error message="패스워드가 올바르지 않습니다." type="java.lang.Exception">java.lang.Exception: 패스워드가 올바르지 않습니다.
	at com.kkb.service.UserServiceTest.testPasswordEncode(UserServiceTest.java:44)
</error>
    <system-out><![CDATA[19:57:42.262 [main] INFO  o.s.b.t.c.SpringBootTestContextBootstrapper - Neither @ContextConfiguration nor @ContextHierarchy found for test class [com.kkb.service.UserServiceTest], using SpringBootContextLoader
19:57:42.263 [main] INFO  o.s.t.c.s.AbstractContextLoader - Could not detect default resource locations for test class [com.kkb.service.UserServiceTest]: no resource found for suffixes {-context.xml, Context.groovy}.
19:57:42.264 [main] INFO  o.s.t.c.s.AnnotationConfigContextLoaderUtils - Could not detect default configuration classes for test class [com.kkb.service.UserServiceTest]: UserServiceTest does not declare any static, non-private, non-final, nested classes annotated with @Configuration.
19:57:42.276 [main] INFO  o.s.b.t.c.SpringBootTestContextBootstrapper - Found @SpringBootConfiguration com.kkb.SearchBookApplication for test class com.kkb.service.UserServiceTest
19:57:42.279 [main] INFO  o.s.b.t.c.SpringBootTestContextBootstrapper - Loaded default TestExecutionListener class names from location [META-INF/spring.factories]: [org.springframework.boot.test.mock.mockito.MockitoTestExecutionListener, org.springframework.boot.test.mock.mockito.ResetMocksTestExecutionListener, org.springframework.boot.test.autoconfigure.restdocs.RestDocsTestExecutionListener, org.springframework.boot.test.autoconfigure.web.client.MockRestServiceServerResetTestExecutionListener, org.springframework.boot.test.autoconfigure.web.servlet.MockMvcPrintOnlyOnFailureTestExecutionListener, org.springframework.boot.test.autoconfigure.web.servlet.WebDriverTestExecutionListener, org.springframework.test.context.web.ServletTestExecutionListener, org.springframework.test.context.support.DirtiesContextBeforeModesTestExecutionListener, org.springframework.test.context.support.DependencyInjectionTestExecutionListener, org.springframework.test.context.support.DirtiesContextTestExecutionListener, org.springframework.test.context.transaction.TransactionalTestExecutionListener, org.springframework.test.context.jdbc.SqlScriptsTestExecutionListener]
19:57:42.280 [main] INFO  o.s.b.t.c.SpringBootTestContextBootstrapper - Using TestExecutionListeners: [org.springframework.test.context.web.ServletTestExecutionListener@2ecdf528, org.springframework.test.context.support.DirtiesContextBeforeModesTestExecutionListener@574ebdaf, org.springframework.boot.test.mock.mockito.MockitoTestExecutionListener@33f349ae, org.springframework.boot.test.autoconfigure.SpringBootDependencyInjectionTestExecutionListener@377e573a, org.springframework.test.context.support.DirtiesContextTestExecutionListener@76db9048, org.springframework.test.context.transaction.TransactionalTestExecutionListener@54daf8f9, org.springframework.test.context.jdbc.SqlScriptsTestExecutionListener@7d4d65f5, org.springframework.boot.test.mock.mockito.ResetMocksTestExecutionListener@38cf3ae1, org.springframework.boot.test.autoconfigure.restdocs.RestDocsTestExecutionListener@123ca460, org.springframework.boot.test.autoconfigure.web.client.MockRestServiceServerResetTestExecutionListener@11228bee, org.springframework.boot.test.autoconfigure.web.servlet.MockMvcPrintOnlyOnFailureTestExecutionListener@7d626f2, org.springframework.boot.test.autoconfigure.web.servlet.WebDriverTestExecutionListener@460f1cdb]
]]></system-out>
  </testcase>
</testsuite>